SF:lib\shared\apiCoingecko\endPoint\cryptos_endpoint.dart
DA:7,3
DA:9,2
DA:10,6
DA:16,1
DA:17,2
DA:18,1
LF:6
LH:6
end_of_record
SF:lib\converter\providers\convert_providers.dart
DA:8,33
DA:9,0
DA:12,9
DA:13,6
DA:16,6
DA:17,4
DA:20,33
DA:22,8
LF:8
LH:7
end_of_record
SF:lib\l10n\app_localizations.dart
DA:65,33
DA:69,11
DA:70,11
DA:282,11
DA:284,11
DA:286,22
DA:289,11
DA:290,33
DA:292,0
DA:296,11
DA:300,11
DA:301,19
DA:302,4
DA:303,3
DA:304,2
DA:307,0
LF:16
LH:14
end_of_record
SF:lib\portfolio\models\crypto_list_model.dart
DA:6,11
LF:1
LH:1
end_of_record
SF:lib\portfolio\models\crypto_model.dart
DA:12,11
DA:21,1
DA:22,3
LF:3
LH:3
end_of_record
SF:lib\portfolio\providers\dio_providers.dart
DA:9,3
DA:10,2
DA:11,2
DA:15,0
DA:16,0
DA:17,0
DA:21,3
DA:22,2
DA:23,2
DA:27,33
DA:28,0
DA:31,3
DA:32,4
LF:13
LH:9
end_of_record
SF:lib\shared\routes\route_generator.dart
DA:13,1
DA:14,1
DA:15,1
DA:16,0
DA:17,0
DA:19,1
DA:20,0
DA:21,0
DA:23,1
DA:24,1
DA:25,0
DA:26,0
DA:27,0
DA:28,0
DA:29,0
DA:33,0
DA:34,0
DA:35,0
DA:36,0
DA:37,0
DA:38,0
DA:39,0
DA:43,0
DA:44,0
DA:45,0
DA:46,0
DA:47,0
DA:50,0
DA:51,0
DA:52,0
DA:55,0
DA:56,0
LF:32
LH:6
end_of_record
SF:lib\converter\view\converter_page.dart
DA:15,1
DA:19,1
DA:21,1
DA:24,1
DA:27,1
DA:28,1
DA:29,1
DA:31,2
LF:8
LH:8
end_of_record
SF:lib\converter\widgets\app_bar_converter.dart
DA:10,11
DA:12,0
DA:14,1
DA:16,3
DA:18,3
DA:19,3
DA:20,3
DA:22,1
DA:23,1
DA:26,0
DA:27,0
DA:28,0
DA:29,0
DA:30,0
DA:31,0
DA:36,1
DA:37,2
DA:47,1
LF:18
LH:11
end_of_record
SF:lib\converter\widgets\bottom_sheet_converter.dart
DA:13,1
DA:16,1
DA:18,1
DA:20,3
DA:21,3
DA:22,3
DA:24,1
DA:30,1
DA:31,1
DA:32,1
DA:33,1
DA:38,1
DA:40,1
DA:41,1
DA:44,1
DA:45,1
DA:46,2
DA:54,1
DA:55,7
DA:64,1
DA:65,1
DA:66,0
DA:67,0
DA:69,0
DA:70,0
DA:75,1
LF:26
LH:22
end_of_record
SF:lib\converter\widgets\converter_body.dart
DA:18,1
DA:22,1
DA:24,1
DA:26,3
DA:28,3
DA:29,3
DA:30,3
DA:32,1
DA:34,0
DA:35,0
DA:36,0
DA:37,0
DA:38,0
DA:40,0
DA:42,0
DA:45,0
DA:46,0
DA:47,0
DA:48,0
DA:51,0
DA:52,0
DA:53,0
DA:54,0
DA:55,0
DA:65,0
DA:66,0
DA:67,0
DA:68,0
DA:70,0
DA:73,0
DA:77,1
DA:78,1
DA:80,1
DA:81,1
DA:82,1
DA:83,1
DA:85,1
DA:87,1
DA:88,2
DA:93,1
DA:94,1
DA:96,0
DA:97,0
DA:98,0
DA:99,0
DA:102,1
DA:104,1
DA:105,0
DA:106,0
DA:107,0
DA:108,0
DA:110,1
DA:111,1
DA:114,1
DA:119,1
DA:120,1
DA:121,1
DA:122,2
LF:58
LH:28
end_of_record
SF:lib\converter\widgets\available_balance_converter.dart
DA:12,1
DA:16,1
DA:18,1
DA:20,1
DA:23,1
DA:25,1
DA:26,1
DA:27,2
DA:34,1
DA:35,7
LF:10
LH:10
end_of_record
SF:lib\review\view\review_page.dart
DA:13,1
DA:16,1
DA:18,1
DA:20,1
DA:21,1
DA:22,1
DA:23,2
DA:35,2
LF:8
LH:8
end_of_record
SF:lib\shared\args\arguments.dart
DA:9,1
LF:1
LH:1
end_of_record
SF:lib\converter\widgets\drop_down_buttons_row.dart
DA:9,1
DA:14,1
DA:20,1
DA:22,1
DA:27,1
DA:29,1
DA:30,1
DA:32,1
DA:34,1
DA:36,0
DA:37,1
DA:40,1
DA:42,1
DA:43,1
DA:44,2
DA:48,1
DA:49,3
DA:59,1
DA:60,0
DA:67,1
DA:68,1
DA:69,2
LF:22
LH:20
end_of_record
SF:lib\converter\widgets\text_form_field_converter_widget.dart
DA:14,1
DA:19,1
DA:21,1
DA:24,3
DA:25,1
DA:26,3
DA:27,0
DA:28,0
DA:38,1
DA:39,1
DA:45,1
DA:46,1
DA:47,1
DA:48,1
DA:50,1
DA:51,3
LF:16
LH:14
end_of_record
SF:lib\converter\widgets\dropdownbutton_converter.dart
DA:11,1
DA:16,1
DA:18,2
DA:20,1
DA:22,3
DA:23,1
DA:26,1
DA:29,1
DA:31,2
DA:32,1
DA:34,1
DA:35,1
DA:36,1
DA:37,1
DA:41,3
DA:45,1
DA:46,1
DA:57,1
DA:59,1
DA:60,1
DA:63,1
DA:64,1
DA:70,1
LF:23
LH:23
end_of_record
SF:lib\details\models\chart_info_model.dart
DA:3,0
LF:1
LH:0
end_of_record
SF:lib\details\providers\chart_providers.dart
DA:8,3
DA:9,2
DA:10,2
DA:14,3
DA:15,2
DA:16,2
DA:20,3
DA:21,4
LF:8
LH:8
end_of_record
SF:lib\shared\apiCoingecko\endPoint\endPoint_provider.dart
DA:7,6
DA:8,2
DA:9,2
DA:10,2
DA:11,2
LF:5
LH:5
end_of_record
SF:lib\details\repository\chart_info_repo.dart
DA:7,1
DA:10,1
DA:11,2
DA:12,0
LF:4
LH:3
end_of_record
SF:lib\details\useCase\get_chart_info_usecase.dart
DA:8,1
DA:11,1
DA:12,2
DA:13,0
LF:4
LH:3
end_of_record
SF:lib\details\providers\providers.dart
DA:4,4
LF:1
LH:1
end_of_record
SF:lib\shared\apiCoingecko\response\chartInfo\chart_info_response.dart
DA:8,0
DA:11,0
DA:12,0
DA:14,0
LF:4
LH:0
end_of_record
SF:lib\shared\apiCoingecko\response\chartInfo\chart_info_response.g.dart
DA:9,0
DA:10,0
DA:11,0
DA:12,0
DA:13,0
DA:16,0
DA:17,0
DA:18,0
LF:8
LH:0
end_of_record
SF:lib\shared\apiCoingecko\response\chartInfo\chart_info_mapper.dart
DA:6,0
DA:7,0
DA:8,0
DA:9,0
DA:10,0
DA:12,0
LF:6
LH:0
end_of_record
SF:lib\details\view\details_page.dart
DA:15,1
DA:19,1
DA:21,1
DA:24,1
DA:27,1
DA:28,1
DA:29,1
LF:7
LH:7
end_of_record
SF:lib\details\widgets\app_bar_details.dart
DA:9,12
DA:11,0
DA:13,1
DA:15,1
DA:16,1
DA:17,2
DA:25,1
DA:26,0
DA:27,0
DA:28,0
DA:39,1
LF:11
LH:7
end_of_record
SF:lib\details\widgets\body_details.dart
DA:21,1
DA:27,1
DA:32,1
DA:34,3
DA:37,1
DA:39,1
DA:41,1
DA:43,1
DA:44,1
DA:46,1
DA:47,1
DA:48,2
DA:55,1
DA:56,1
DA:57,1
DA:58,2
DA:64,1
DA:65,3
DA:73,1
DA:74,1
DA:75,3
DA:82,1
DA:83,6
DA:84,1
DA:85,1
DA:86,0
DA:87,0
DA:88,0
DA:89,0
DA:90,0
DA:91,0
DA:103,1
DA:105,1
DA:106,1
DA:107,1
DA:108,1
DA:109,1
DA:110,1
DA:113,1
DA:114,2
DA:116,1
DA:117,3
DA:120,1
DA:121,2
DA:122,3
DA:123,0
DA:124,4
DA:127,1
DA:128,2
DA:129,5
DA:132,1
DA:133,2
DA:135,1
DA:136,6
DA:140,1
DA:141,2
DA:142,0
DA:143,0
DA:146,0
DA:147,0
DA:148,0
LF:61
LH:49
end_of_record
SF:lib\shared\widgets\magenta_bottom_button.dart
DA:8,3
DA:12,3
DA:14,3
DA:16,3
DA:18,9
DA:19,3
DA:20,3
DA:21,3
DA:22,3
DA:23,3
LF:10
LH:10
end_of_record
SF:lib\details\widgets\button_days.dart
DA:11,1
DA:15,1
DA:17,1
DA:18,1
DA:22,1
DA:24,4
DA:26,1
DA:29,1
DA:30,1
DA:31,1
DA:32,5
DA:33,1
DA:34,1
DA:35,1
DA:39,0
DA:40,0
DA:41,0
DA:44,1
DA:45,2
DA:47,1
DA:48,4
LF:21
LH:18
end_of_record
SF:lib\details\widgets\currency_info_card.dart
DA:10,1
DA:15,1
DA:17,1
DA:19,1
DA:20,1
DA:22,1
DA:24,1
DA:26,1
DA:27,1
DA:28,1
DA:35,3
LF:11
LH:11
end_of_record
SF:lib\details\widgets\line_chart_widget.dart
DA:11,1
DA:16,1
DA:17,1
DA:21,1
DA:23,3
DA:24,3
DA:26,1
DA:27,1
DA:28,1
DA:30,1
DA:32,1
DA:33,1
DA:34,1
DA:35,1
DA:38,1
DA:44,2
DA:45,2
DA:46,1
DA:47,1
DA:48,1
DA:49,1
DA:51,1
DA:52,1
DA:53,0
DA:54,0
DA:58,0
DA:60,1
DA:62,1
DA:70,0
DA:71,0
DA:72,0
DA:73,0
DA:75,0
DA:81,0
DA:85,1
DA:86,1
LF:36
LH:27
end_of_record
SF:lib\l10n\app_localizations_en.dart
DA:5,16
DA:7,2
DA:10,2
DA:13,4
DA:16,4
DA:19,2
DA:22,2
DA:25,2
DA:28,3
DA:31,2
DA:34,2
DA:37,2
DA:40,2
DA:43,2
DA:46,1
DA:49,2
DA:52,2
DA:55,2
DA:58,2
DA:61,2
DA:64,2
DA:67,2
DA:70,2
DA:73,2
DA:76,2
DA:79,2
DA:82,1
DA:85,1
DA:88,1
DA:91,1
DA:94,1
LF:31
LH:31
end_of_record
SF:lib\l10n\app_localizations_es.dart
DA:5,2
DA:7,1
DA:10,1
DA:13,1
DA:16,1
DA:19,1
DA:22,1
DA:25,1
DA:28,1
DA:31,1
DA:34,1
DA:37,1
DA:40,1
DA:43,1
DA:46,1
DA:49,1
DA:52,1
DA:55,1
DA:58,1
DA:61,1
DA:64,1
DA:67,1
DA:70,1
DA:73,1
DA:76,1
DA:79,1
DA:82,0
DA:85,0
DA:88,0
DA:91,0
DA:94,0
LF:31
LH:26
end_of_record
SF:lib\l10n\app_localizations_fr.dart
DA:5,2
DA:7,1
DA:10,1
DA:13,1
DA:16,1
DA:19,1
DA:22,1
DA:25,1
DA:28,1
DA:31,1
DA:34,1
DA:37,1
DA:40,1
DA:43,1
DA:46,1
DA:49,1
DA:52,1
DA:55,1
DA:58,1
DA:61,1
DA:64,1
DA:67,1
DA:70,1
DA:73,1
DA:76,1
DA:79,1
DA:82,0
DA:85,0
DA:88,0
DA:91,0
DA:94,0
LF:31
LH:26
end_of_record
SF:lib\l10n\app_localizations_pt.dart
DA:5,2
DA:7,1
DA:10,1
DA:13,1
DA:16,1
DA:19,1
DA:22,1
DA:25,1
DA:28,1
DA:31,1
DA:34,1
DA:37,1
DA:40,1
DA:43,1
DA:46,1
DA:49,1
DA:52,1
DA:55,1
DA:58,1
DA:61,1
DA:64,1
DA:67,1
DA:70,1
DA:73,1
DA:76,1
DA:79,1
DA:82,0
DA:85,0
DA:88,0
DA:91,0
DA:94,0
LF:31
LH:26
end_of_record
SF:lib\movimentations\models\movimentation_model.dart
DA:12,1
LF:1
LH:1
end_of_record
SF:lib\movimentations\providers\movimentations_provider.dart
DA:5,10
LF:1
LH:1
end_of_record
SF:lib\movimentations\view\movimentations_page.dart
DA:9,12
DA:11,1
LF:2
LH:2
end_of_record
SF:lib\shared\widgets\bottom_navigation_crypto.dart
DA:9,23
DA:12,0
DA:14,3
DA:16,0
DA:18,0
DA:19,0
DA:21,0
DA:22,0
DA:27,3
DA:31,3
DA:32,3
DA:35,6
DA:37,3
DA:40,6
DA:44,3
LF:15
LH:9
end_of_record
SF:lib\movimentations\widgets\movimentations_body.dart
DA:8,12
DA:10,0
DA:12,1
DA:14,1
DA:15,1
DA:17,1
DA:18,1
DA:20,1
DA:21,2
LF:9
LH:8
end_of_record
SF:lib\movimentations\widgets\bottom_sheet_detail_movimentation.dart
DA:13,1
DA:15,1
DA:17,1
DA:19,1
DA:21,1
DA:23,1
DA:24,1
DA:25,0
DA:26,0
DA:29,1
DA:31,1
DA:32,2
DA:40,1
DA:41,2
DA:42,3
DA:43,4
DA:44,3
DA:46,1
DA:47,2
DA:48,3
DA:50,4
DA:51,3
DA:57,1
DA:58,2
DA:59,1
DA:60,3
DA:66,1
DA:67,2
DA:68,1
DA:71,1
DA:72,3
LF:31
LH:29
end_of_record
SF:lib\movimentations\widgets\column_coin_detail.dart
DA:13,1
DA:19,1
DA:21,1
DA:23,1
DA:24,1
DA:29,1
DA:31,1
DA:32,1
DA:33,1
DA:40,1
DA:41,1
DA:47,4
DA:49,4
LF:13
LH:13
end_of_record
SF:lib\movimentations\widgets\row_bottom_info_detail_movimentation.dart
DA:9,1
DA:13,1
DA:15,1
DA:17,1
DA:19,1
DA:20,1
DA:21,1
DA:28,1
DA:29,1
LF:9
LH:9
end_of_record
SF:lib\movimentations\widgets\row_coin_info_detail.dart
DA:6,1
DA:10,1
DA:15,1
DA:17,1
DA:19,1
DA:20,1
DA:21,1
DA:28,1
DA:29,1
LF:9
LH:9
end_of_record
SF:lib\movimentations\widgets\list_tile_movimentation.dart
DA:11,1
DA:14,1
DA:16,1
DA:18,1
DA:19,0
DA:20,0
DA:25,0
DA:26,0
DA:27,0
DA:31,2
DA:32,1
DA:34,1
DA:35,7
DA:43,1
DA:44,8
DA:52,1
DA:54,1
DA:55,1
DA:57,1
DA:58,4
DA:66,1
DA:67,1
DA:68,1
DA:69,3
LF:24
LH:19
end_of_record
SF:lib\movimentations\widgets\list_view_movimentations.dart
DA:12,12
DA:14,1
DA:16,3
DA:18,1
DA:19,2
DA:20,1
DA:21,1
DA:22,1
DA:23,1
DA:24,1
DA:25,2
DA:34,1
DA:37,2
DA:38,0
DA:39,0
DA:40,0
DA:48,0
DA:49,0
LF:18
LH:13
end_of_record
SF:lib\portfolio\repository\crypto_repository.dart
DA:6,1
DA:10,1
DA:11,2
DA:12,0
DA:13,0
DA:14,0
LF:6
LH:3
end_of_record
SF:lib\portfolio\useCase\getCrypto\get_crypto_list_usecase.dart
DA:8,0
DA:12,0
DA:13,0
DA:14,0
LF:4
LH:0
end_of_record
SF:lib\portfolio\useCase\getTotal\get_total_value_usecase.dart
DA:9,1
DA:13,1
DA:14,2
DA:15,0
DA:16,0
DA:17,0
DA:18,0
DA:19,0
LF:8
LH:3
end_of_record
SF:lib\portfolio\providers\providers.dart
DA:4,4
DA:6,5
DA:9,0
DA:10,0
DA:11,0
DA:15,0
DA:16,0
LF:7
LH:2
end_of_record
SF:lib\shared\apiCoingecko\response\cryptoCoin\crypto_response.dart
DA:14,0
DA:22,0
DA:23,0
DA:25,0
LF:4
LH:0
end_of_record
SF:lib\shared\apiCoingecko\response\cryptoCoin\crypto_response.g.dart
DA:9,0
DA:10,0
DA:11,0
DA:12,0
DA:13,0
DA:14,0
DA:16,0
DA:17,0
DA:20,0
DA:21,0
DA:22,0
DA:23,0
DA:24,0
DA:25,0
DA:26,0
DA:27,0
LF:16
LH:0
end_of_record
SF:lib\shared\apiCoingecko\response\cryptoCoin\crypto_mapper.dart
DA:6,0
DA:7,0
DA:8,0
DA:9,0
DA:10,0
DA:11,0
DA:12,0
DA:13,0
DA:14,0
DA:15,0
DA:17,0
LF:11
LH:0
end_of_record
SF:lib\portfolio\view\crypto_page.dart
DA:7,12
DA:11,1
LF:2
LH:2
end_of_record
SF:lib\portfolio\widgets\body_crypto.dart
DA:10,12
DA:12,0
DA:13,1
DA:14,1
DA:18,1
DA:20,4
DA:22,1
DA:23,1
DA:25,1
DA:28,1
DA:31,1
DA:32,1
LF:12
LH:11
end_of_record
SF:lib\portfolio\widgets\list_view_cryptos.dart
DA:10,1
DA:14,1
DA:19,1
DA:21,1
DA:22,1
DA:23,4
DA:24,1
DA:25,1
DA:28,1
DA:30,3
DA:31,1
DA:32,1
DA:33,1
DA:37,1
DA:38,3
DA:39,2
DA:40,1
DA:41,5
LF:18
LH:18
end_of_record
SF:lib\portfolio\widgets\title_crypto_row.dart
DA:11,12
DA:13,0
DA:15,1
DA:16,1
DA:20,1
DA:22,4
DA:23,4
DA:25,1
DA:27,2
DA:29,0
DA:31,0
DA:39,1
DA:44,1
DA:46,1
DA:47,1
DA:48,2
DA:55,1
DA:56,1
DA:57,1
DA:60,1
DA:61,1
DA:62,0
DA:63,0
DA:64,0
DA:65,0
DA:66,0
DA:67,0
DA:68,0
DA:70,0
DA:75,1
DA:76,1
DA:77,1
DA:82,1
DA:83,2
DA:84,2
LF:35
LH:24
end_of_record
SF:lib\portfolio\widgets\total_value_column.dart
DA:12,1
DA:15,1
DA:19,1
DA:20,1
DA:24,1
DA:26,1
DA:28,1
DA:30,1
DA:31,1
DA:32,3
DA:33,1
DA:36,1
DA:38,1
DA:40,1
DA:41,2
DA:42,6
DA:43,1
DA:44,1
DA:45,0
DA:46,0
DA:48,0
DA:64,1
DA:65,2
LF:23
LH:20
end_of_record
SF:lib\portfolio\widgets\currency_list_card.dart
DA:17,1
DA:22,1
DA:24,1
DA:25,1
DA:29,1
DA:31,1
DA:32,1
DA:33,2
DA:34,5
DA:37,1
DA:38,1
DA:39,4
DA:41,1
DA:43,1
DA:44,1
DA:45,4
DA:52,1
DA:53,2
DA:54,1
DA:57,1
DA:59,1
DA:61,1
DA:62,1
DA:63,1
DA:64,1
DA:65,1
DA:66,6
DA:75,1
DA:77,1
DA:78,1
DA:79,3
DA:85,1
DA:86,2
DA:87,1
DA:90,1
DA:92,1
DA:95,1
DA:96,7
LF:38
LH:38
end_of_record
SF:lib\portfolio\widgets\drop_down_button_locale.dart
DA:7,1
DA:11,1
DA:13,1
DA:15,1
DA:16,1
DA:17,1
DA:19,1
DA:24,1
DA:26,1
DA:31,1
DA:33,1
DA:38,1
DA:40,1
DA:50,1
DA:51,1
LF:15
LH:15
end_of_record
SF:lib\shared\providers\provider.dart
DA:4,0
DA:5,0
DA:8,4
LF:3
LH:1
end_of_record
SF:lib\review\widgets\bottom_sheet_review.dart
DA:16,1
DA:19,1
DA:21,1
DA:23,3
DA:24,3
DA:26,3
DA:27,3
DA:28,3
DA:29,3
DA:31,1
DA:33,5
DA:37,1
DA:40,1
DA:41,1
DA:45,1
DA:46,2
DA:48,4
DA:53,1
DA:54,2
DA:56,4
DA:61,1
DA:62,2
DA:64,4
DA:66,1
DA:69,3
DA:70,1
DA:71,2
DA:72,0
DA:73,0
DA:74,0
DA:75,0
DA:76,0
DA:77,0
DA:78,0
DA:79,0
DA:80,0
DA:81,0
LF:37
LH:27
end_of_record
SF:lib\review\widgets\review_body.dart
DA:7,11
DA:9,0
DA:11,1
DA:13,1
DA:14,1
DA:15,1
DA:17,1
DA:18,2
LF:8
LH:7
end_of_record
SF:lib\success\view\success_page.dart
DA:15,12
DA:17,1
DA:19,3
DA:21,3
DA:22,3
DA:23,3
DA:24,1
DA:25,1
DA:28,1
DA:29,0
DA:30,0
DA:31,0
DA:32,0
DA:33,0
DA:34,0
DA:44,1
DA:45,1
DA:47,1
DA:48,1
DA:49,1
DA:50,2
DA:58,1
DA:59,2
LF:23
LH:17
end_of_record
SF:lib\review\widgets\sheet_row_conversion_info.dart
DA:9,1
DA:13,1
DA:15,1
DA:17,1
DA:19,1
DA:21,1
DA:22,1
DA:23,1
DA:29,1
DA:30,1
LF:10
LH:10
end_of_record
